#! /opt/homebrew/Cellar/icarus-verilog/12.0/bin/vvp
:ivl_version "12.0 (stable)";
:ivl_delay_selection "TYPICAL";
:vpi_time_precision - 12;
:vpi_module "/opt/homebrew/Cellar/icarus-verilog/12.0/lib/ivl/system.vpi";
:vpi_module "/opt/homebrew/Cellar/icarus-verilog/12.0/lib/ivl/vhdl_sys.vpi";
:vpi_module "/opt/homebrew/Cellar/icarus-verilog/12.0/lib/ivl/vhdl_textio.vpi";
:vpi_module "/opt/homebrew/Cellar/icarus-verilog/12.0/lib/ivl/v2005_math.vpi";
:vpi_module "/opt/homebrew/Cellar/icarus-verilog/12.0/lib/ivl/va_math.vpi";
:vpi_module "/opt/homebrew/Cellar/icarus-verilog/12.0/lib/ivl/v2009.vpi";
S_0x143914ea0 .scope package, "$unit" "$unit" 2 1;
 .timescale 0 0;
S_0x143915010 .scope module, "tb_encoder_mmio" "tb_encoder_mmio" 3 3;
 .timescale -9 -12;
v0x1439455a0_0 .var "bus_addr", 31 0;
v0x143945670_0 .net "bus_rdata", 31 0, v0x143944c50_0;  1 drivers
v0x143945700_0 .var "bus_re", 0 0;
v0x1439457b0_0 .var "bus_wdata", 31 0;
v0x143945860_0 .var "bus_we", 0 0;
v0x143945930_0 .var "clk", 0 0;
v0x143945a00_0 .var "enc_a", 0 0;
v0x143945ad0_0 .var "enc_b", 0 0;
v0x143945ba0_0 .var "reset", 0 0;
S_0x14390d6d0 .scope module, "dut" "encoder_mmio" 3 21, 4 1 0, S_0x143915010;
 .timescale 0 0;
    .port_info 0 /INPUT 1 "clk";
    .port_info 1 /INPUT 1 "reset";
    .port_info 2 /INPUT 32 "bus_addr";
    .port_info 3 /INPUT 1 "bus_we";
    .port_info 4 /INPUT 1 "bus_re";
    .port_info 5 /INPUT 32 "bus_wdata";
    .port_info 6 /OUTPUT 32 "bus_rdata";
    .port_info 7 /INPUT 1 "enc_a";
    .port_info 8 /INPUT 1 "enc_b";
P_0x14390d840 .param/l "CTRL_CLR_POS" 1 4 25, +C4<00000000000000000000000000000001>;
P_0x14390d880 .param/l "CTRL_ENABLE" 1 4 24, +C4<00000000000000000000000000000000>;
P_0x14390d8c0 .param/l "REG_CTRL" 1 4 18, C4<00000000000000000000000000000000>;
P_0x14390d900 .param/l "REG_POSITION" 1 4 20, C4<00000000000000000000000000001000>;
P_0x14390d940 .param/l "REG_STATUS" 1 4 19, C4<00000000000000000000000000000100>;
P_0x14390d980 .param/l "REG_VELOCITY" 1 4 21, C4<00000000000000000000000000001100>;
v0x143944bc0_0 .net "bus_addr", 31 0, v0x1439455a0_0;  1 drivers
v0x143944c50_0 .var "bus_rdata", 31 0;
v0x143944ce0_0 .net "bus_re", 0 0, v0x143945700_0;  1 drivers
v0x143944d70_0 .net "bus_wdata", 31 0, v0x1439457b0_0;  1 drivers
v0x143944e00_0 .net "bus_we", 0 0, v0x143945860_0;  1 drivers
v0x143944ee0_0 .net "clk", 0 0, v0x143945930_0;  1 drivers
v0x143944f70_0 .var "clr_pos_pulse", 0 0;
v0x143945020_0 .net "direction", 0 0, v0x1439443f0_0;  1 drivers
v0x1439450d0_0 .var "enable_reg", 0 0;
v0x1439451e0_0 .net "enc_a", 0 0, v0x143945a00_0;  1 drivers
v0x143945270_0 .net "enc_b", 0 0, v0x143945ad0_0;  1 drivers
v0x143945300_0 .net/s "position", 31 0, v0x1439446d0_0;  1 drivers
v0x1439453b0_0 .net "reset", 0 0, v0x143945ba0_0;  1 drivers
v0x143945460_0 .net/s "velocity", 31 0, v0x143944980_0;  1 drivers
S_0x143905040 .scope module, "dut" "encoder_core" 4 37, 5 1 0, S_0x14390d6d0;
 .timescale 0 0;
    .port_info 0 /INPUT 1 "clk";
    .port_info 1 /INPUT 1 "reset";
    .port_info 2 /INPUT 1 "clr_pos";
    .port_info 3 /INPUT 1 "enable";
    .port_info 4 /INPUT 1 "enc_a";
    .port_info 5 /INPUT 1 "enc_b";
    .port_info 6 /OUTPUT 32 "position";
    .port_info 7 /OUTPUT 32 "velocity";
    .port_info 8 /OUTPUT 1 "direction";
P_0x1439056e0 .param/l "WINDOW_CYCLES" 0 5 2, +C4<00000101111101011110000100000000>;
v0x14392f6d0_0 .var "ab_curr", 1 0;
v0x1439440d0_0 .var "ab_prev", 1 0;
v0x143944170_0 .var "ab_sync1", 1 0;
v0x143944200_0 .var "ab_sync2", 1 0;
v0x143944290_0 .net "clk", 0 0, v0x143945930_0;  alias, 1 drivers
v0x143944360_0 .net "clr_pos", 0 0, v0x143944f70_0;  1 drivers
v0x1439443f0_0 .var "direction", 0 0;
v0x143944490_0 .net "enable", 0 0, v0x1439450d0_0;  1 drivers
v0x143944530_0 .net "enc_a", 0 0, v0x143945a00_0;  alias, 1 drivers
v0x143944640_0 .net "enc_b", 0 0, v0x143945ad0_0;  alias, 1 drivers
v0x1439446d0_0 .var/s "position", 31 0;
v0x143944780_0 .var/s "position_prev_window", 31 0;
v0x143944830_0 .net "reset", 0 0, v0x143945ba0_0;  alias, 1 drivers
v0x1439448d0_0 .var/s "step", 1 0;
v0x143944980_0 .var/s "velocity", 31 0;
v0x143944a30_0 .var "window_ctr", 31 0;
E_0x1439063b0 .event posedge, v0x143944290_0;
E_0x143906c50 .event anyedge, v0x1439440d0_0, v0x14392f6d0_0;
    .scope S_0x143905040;
T_0 ;
    %wait E_0x143906c50;
    %pushi/vec4 0, 0, 2;
    %store/vec4 v0x1439448d0_0, 0, 2;
    %load/vec4 v0x1439440d0_0;
    %load/vec4 v0x14392f6d0_0;
    %concat/vec4; draw_concat_vec4
    %dup/vec4;
    %pushi/vec4 1, 0, 4;
    %cmp/u;
    %jmp/1 T_0.0, 6;
    %dup/vec4;
    %pushi/vec4 7, 0, 4;
    %cmp/u;
    %jmp/1 T_0.1, 6;
    %dup/vec4;
    %pushi/vec4 14, 0, 4;
    %cmp/u;
    %jmp/1 T_0.2, 6;
    %dup/vec4;
    %pushi/vec4 8, 0, 4;
    %cmp/u;
    %jmp/1 T_0.3, 6;
    %dup/vec4;
    %pushi/vec4 2, 0, 4;
    %cmp/u;
    %jmp/1 T_0.4, 6;
    %dup/vec4;
    %pushi/vec4 11, 0, 4;
    %cmp/u;
    %jmp/1 T_0.5, 6;
    %dup/vec4;
    %pushi/vec4 13, 0, 4;
    %cmp/u;
    %jmp/1 T_0.6, 6;
    %dup/vec4;
    %pushi/vec4 4, 0, 4;
    %cmp/u;
    %jmp/1 T_0.7, 6;
    %pushi/vec4 0, 0, 2;
    %store/vec4 v0x1439448d0_0, 0, 2;
    %jmp T_0.9;
T_0.0 ;
    %pushi/vec4 1, 0, 2;
    %store/vec4 v0x1439448d0_0, 0, 2;
    %jmp T_0.9;
T_0.1 ;
    %pushi/vec4 1, 0, 2;
    %store/vec4 v0x1439448d0_0, 0, 2;
    %jmp T_0.9;
T_0.2 ;
    %pushi/vec4 1, 0, 2;
    %store/vec4 v0x1439448d0_0, 0, 2;
    %jmp T_0.9;
T_0.3 ;
    %pushi/vec4 1, 0, 2;
    %store/vec4 v0x1439448d0_0, 0, 2;
    %jmp T_0.9;
T_0.4 ;
    %pushi/vec4 3, 0, 2;
    %store/vec4 v0x1439448d0_0, 0, 2;
    %jmp T_0.9;
T_0.5 ;
    %pushi/vec4 3, 0, 2;
    %store/vec4 v0x1439448d0_0, 0, 2;
    %jmp T_0.9;
T_0.6 ;
    %pushi/vec4 3, 0, 2;
    %store/vec4 v0x1439448d0_0, 0, 2;
    %jmp T_0.9;
T_0.7 ;
    %pushi/vec4 3, 0, 2;
    %store/vec4 v0x1439448d0_0, 0, 2;
    %jmp T_0.9;
T_0.9 ;
    %pop/vec4 1;
    %jmp T_0;
    .thread T_0, $push;
    .scope S_0x143905040;
T_1 ;
    %wait E_0x1439063b0;
    %load/vec4 v0x143944830_0;
    %flag_set/vec4 8;
    %jmp/0xz  T_1.0, 8;
    %pushi/vec4 0, 0, 2;
    %assign/vec4 v0x143944170_0, 0;
    %pushi/vec4 0, 0, 2;
    %assign/vec4 v0x143944200_0, 0;
    %pushi/vec4 0, 0, 2;
    %assign/vec4 v0x1439440d0_0, 0;
    %pushi/vec4 0, 0, 2;
    %assign/vec4 v0x14392f6d0_0, 0;
    %pushi/vec4 0, 0, 32;
    %assign/vec4 v0x143944a30_0, 0;
    %pushi/vec4 0, 0, 32;
    %assign/vec4 v0x143944780_0, 0;
    %pushi/vec4 0, 0, 32;
    %assign/vec4 v0x143944980_0, 0;
    %jmp T_1.1;
T_1.0 ;
    %load/vec4 v0x143944530_0;
    %load/vec4 v0x143944640_0;
    %concat/vec4; draw_concat_vec4
    %assign/vec4 v0x143944170_0, 0;
    %load/vec4 v0x143944170_0;
    %assign/vec4 v0x143944200_0, 0;
    %load/vec4 v0x14392f6d0_0;
    %assign/vec4 v0x1439440d0_0, 0;
    %load/vec4 v0x143944200_0;
    %assign/vec4 v0x14392f6d0_0, 0;
    %load/vec4 v0x143944490_0;
    %flag_set/vec4 8;
    %jmp/0xz  T_1.2, 8;
    %load/vec4 v0x143944a30_0;
    %cmpi/e 99999999, 0, 32;
    %jmp/0xz  T_1.4, 4;
    %load/vec4 v0x1439446d0_0;
    %load/vec4 v0x143944780_0;
    %sub;
    %assign/vec4 v0x143944980_0, 0;
    %load/vec4 v0x1439446d0_0;
    %assign/vec4 v0x143944780_0, 0;
    %pushi/vec4 0, 0, 32;
    %assign/vec4 v0x143944a30_0, 0;
    %jmp T_1.5;
T_1.4 ;
    %load/vec4 v0x143944a30_0;
    %addi 1, 0, 32;
    %assign/vec4 v0x143944a30_0, 0;
T_1.5 ;
T_1.2 ;
T_1.1 ;
    %jmp T_1;
    .thread T_1;
    .scope S_0x143905040;
T_2 ;
    %wait E_0x1439063b0;
    %load/vec4 v0x143944830_0;
    %flag_set/vec4 8;
    %jmp/0xz  T_2.0, 8;
    %pushi/vec4 0, 0, 32;
    %assign/vec4 v0x1439446d0_0, 0;
    %pushi/vec4 0, 0, 1;
    %assign/vec4 v0x1439443f0_0, 0;
    %jmp T_2.1;
T_2.0 ;
    %load/vec4 v0x143944360_0;
    %flag_set/vec4 8;
    %jmp/0xz  T_2.2, 8;
    %pushi/vec4 0, 0, 32;
    %assign/vec4 v0x1439446d0_0, 0;
    %pushi/vec4 0, 0, 1;
    %assign/vec4 v0x1439443f0_0, 0;
    %pushi/vec4 0, 0, 32;
    %assign/vec4 v0x143944980_0, 0;
    %pushi/vec4 0, 0, 32;
    %assign/vec4 v0x143944a30_0, 0;
    %jmp T_2.3;
T_2.2 ;
    %load/vec4 v0x143944490_0;
    %flag_set/vec4 8;
    %jmp/0xz  T_2.4, 8;
    %load/vec4 v0x1439446d0_0;
    %load/vec4 v0x1439448d0_0;
    %pad/s 32;
    %add;
    %assign/vec4 v0x1439446d0_0, 0;
    %load/vec4 v0x1439448d0_0;
    %pad/s 32;
    %cmpi/e 1, 0, 32;
    %jmp/0xz  T_2.6, 4;
    %pushi/vec4 1, 0, 1;
    %assign/vec4 v0x1439443f0_0, 0;
    %jmp T_2.7;
T_2.6 ;
    %load/vec4 v0x1439448d0_0;
    %pad/s 32;
    %cmpi/e 4294967295, 0, 32;
    %jmp/0xz  T_2.8, 4;
    %pushi/vec4 0, 0, 1;
    %assign/vec4 v0x1439443f0_0, 0;
T_2.8 ;
T_2.7 ;
T_2.4 ;
T_2.3 ;
T_2.1 ;
    %jmp T_2;
    .thread T_2;
    .scope S_0x14390d6d0;
T_3 ;
    %wait E_0x1439063b0;
    %load/vec4 v0x1439453b0_0;
    %flag_set/vec4 8;
    %jmp/0xz  T_3.0, 8;
    %pushi/vec4 0, 0, 1;
    %assign/vec4 v0x1439450d0_0, 0;
    %pushi/vec4 0, 0, 1;
    %assign/vec4 v0x143944f70_0, 0;
    %jmp T_3.1;
T_3.0 ;
    %pushi/vec4 0, 0, 1;
    %assign/vec4 v0x143944f70_0, 0;
    %load/vec4 v0x143944e00_0;
    %flag_set/vec4 8;
    %jmp/0xz  T_3.2, 8;
    %load/vec4 v0x143944bc0_0;
    %parti/s 8, 0, 2;
    %cmpi/e 0, 0, 8;
    %jmp/0xz  T_3.4, 4;
    %load/vec4 v0x143944d70_0;
    %parti/s 1, 0, 2;
    %assign/vec4 v0x1439450d0_0, 0;
    %load/vec4 v0x143944d70_0;
    %parti/s 1, 1, 2;
    %flag_set/vec4 8;
    %jmp/0xz  T_3.6, 8;
    %pushi/vec4 1, 0, 1;
    %assign/vec4 v0x143944f70_0, 0;
T_3.6 ;
T_3.4 ;
T_3.2 ;
T_3.1 ;
    %jmp T_3;
    .thread T_3;
    .scope S_0x14390d6d0;
T_4 ;
    %wait E_0x1439063b0;
    %load/vec4 v0x1439453b0_0;
    %flag_set/vec4 8;
    %jmp/0xz  T_4.0, 8;
    %pushi/vec4 0, 0, 32;
    %assign/vec4 v0x143944c50_0, 0;
    %jmp T_4.1;
T_4.0 ;
    %load/vec4 v0x143944ce0_0;
    %flag_set/vec4 8;
    %jmp/0xz  T_4.2, 8;
    %load/vec4 v0x143944bc0_0;
    %parti/s 8, 0, 2;
    %dup/vec4;
    %pushi/vec4 0, 0, 8;
    %cmp/u;
    %jmp/1 T_4.4, 6;
    %dup/vec4;
    %pushi/vec4 4, 0, 8;
    %cmp/u;
    %jmp/1 T_4.5, 6;
    %dup/vec4;
    %pushi/vec4 8, 0, 8;
    %cmp/u;
    %jmp/1 T_4.6, 6;
    %dup/vec4;
    %pushi/vec4 12, 0, 8;
    %cmp/u;
    %jmp/1 T_4.7, 6;
    %pushi/vec4 0, 0, 32;
    %assign/vec4 v0x143944c50_0, 0;
    %jmp T_4.9;
T_4.4 ;
    %pushi/vec4 0, 0, 30;
    %concati/vec4 0, 0, 1;
    %load/vec4 v0x1439450d0_0;
    %concat/vec4; draw_concat_vec4
    %assign/vec4 v0x143944c50_0, 0;
    %jmp T_4.9;
T_4.5 ;
    %pushi/vec4 0, 0, 31;
    %load/vec4 v0x143945020_0;
    %concat/vec4; draw_concat_vec4
    %assign/vec4 v0x143944c50_0, 0;
    %jmp T_4.9;
T_4.6 ;
    %load/vec4 v0x143945300_0;
    %assign/vec4 v0x143944c50_0, 0;
    %jmp T_4.9;
T_4.7 ;
    %load/vec4 v0x143945460_0;
    %assign/vec4 v0x143944c50_0, 0;
    %jmp T_4.9;
T_4.9 ;
    %pop/vec4 1;
T_4.2 ;
T_4.1 ;
    %jmp T_4;
    .thread T_4;
    .scope S_0x143915010;
T_5 ;
    %delay 5000, 0;
    %load/vec4 v0x143945930_0;
    %inv;
    %store/vec4 v0x143945930_0, 0, 1;
    %jmp T_5;
    .thread T_5;
    .scope S_0x143915010;
T_6 ;
    %vpi_call/w 3 37 "$dumpfile", "sims/encoder_mmio_wave.vcd" {0 0 0};
    %vpi_call/w 3 38 "$dumpvars", 32'sb00000000000000000000000000000000, S_0x143915010 {0 0 0};
    %pushi/vec4 0, 0, 1;
    %store/vec4 v0x143945930_0, 0, 1;
    %pushi/vec4 1, 0, 1;
    %store/vec4 v0x143945ba0_0, 0, 1;
    %pushi/vec4 0, 0, 32;
    %store/vec4 v0x1439455a0_0, 0, 32;
    %pushi/vec4 0, 0, 1;
    %store/vec4 v0x143945860_0, 0, 1;
    %pushi/vec4 0, 0, 1;
    %store/vec4 v0x143945700_0, 0, 1;
    %pushi/vec4 0, 0, 32;
    %store/vec4 v0x1439457b0_0, 0, 32;
    %pushi/vec4 0, 0, 1;
    %store/vec4 v0x143945a00_0, 0, 1;
    %pushi/vec4 0, 0, 1;
    %store/vec4 v0x143945ad0_0, 0, 1;
    %delay 20000, 0;
    %pushi/vec4 0, 0, 1;
    %store/vec4 v0x143945ba0_0, 0, 1;
    %delay 10000, 0;
    %pushi/vec4 1, 0, 1;
    %store/vec4 v0x143945700_0, 0, 1;
    %pushi/vec4 4, 0, 32;
    %store/vec4 v0x1439455a0_0, 0, 32;
    %wait E_0x1439063b0;
    %wait E_0x1439063b0;
    %vpi_call/w 3 61 "$display", "STATUS = 0x%h (expected 0x0)", v0x143945670_0 {0 0 0};
    %pushi/vec4 0, 0, 1;
    %store/vec4 v0x143945700_0, 0, 1;
    %pushi/vec4 0, 0, 32;
    %store/vec4 v0x1439455a0_0, 0, 32;
    %delay 10000, 0;
    %pushi/vec4 1, 0, 1;
    %store/vec4 v0x143945700_0, 0, 1;
    %pushi/vec4 8, 0, 32;
    %store/vec4 v0x1439455a0_0, 0, 32;
    %wait E_0x1439063b0;
    %wait E_0x1439063b0;
    %vpi_call/w 3 74 "$display", "STATUS = 0x%h (expected 0x0)", v0x143945670_0 {0 0 0};
    %pushi/vec4 0, 0, 1;
    %store/vec4 v0x143945700_0, 0, 1;
    %pushi/vec4 0, 0, 32;
    %store/vec4 v0x1439455a0_0, 0, 32;
    %delay 10000, 0;
    %pushi/vec4 1, 0, 1;
    %store/vec4 v0x143945860_0, 0, 1;
    %pushi/vec4 0, 0, 32;
    %store/vec4 v0x1439455a0_0, 0, 32;
    %pushi/vec4 1, 0, 32;
    %store/vec4 v0x1439457b0_0, 0, 32;
    %wait E_0x1439063b0;
    %wait E_0x1439063b0;
    %pushi/vec4 0, 0, 1;
    %store/vec4 v0x143945860_0, 0, 1;
    %pushi/vec4 0, 0, 32;
    %store/vec4 v0x1439457b0_0, 0, 32;
    %wait E_0x1439063b0;
    %delay 10000, 0;
    %pushi/vec4 5, 0, 32;
T_6.0 %dup/vec4;
    %pushi/vec4 0, 0, 32;
    %cmp/s;
    %jmp/1xz T_6.1, 5;
    %jmp/1 T_6.1, 4;
    %pushi/vec4 1, 0, 32;
    %sub;
    %pushi/vec4 1, 0, 2;
    %split/vec4 1;
    %store/vec4 v0x143945ad0_0, 0, 1;
    %store/vec4 v0x143945a00_0, 0, 1;
    %delay 1000, 0;
    %wait E_0x1439063b0;
    %pushi/vec4 3, 0, 2;
    %split/vec4 1;
    %store/vec4 v0x143945ad0_0, 0, 1;
    %store/vec4 v0x143945a00_0, 0, 1;
    %delay 1000, 0;
    %wait E_0x1439063b0;
    %pushi/vec4 2, 0, 2;
    %split/vec4 1;
    %store/vec4 v0x143945ad0_0, 0, 1;
    %store/vec4 v0x143945a00_0, 0, 1;
    %delay 1000, 0;
    %wait E_0x1439063b0;
    %pushi/vec4 0, 0, 2;
    %split/vec4 1;
    %store/vec4 v0x143945ad0_0, 0, 1;
    %store/vec4 v0x143945a00_0, 0, 1;
    %delay 1000, 0;
    %wait E_0x1439063b0;
    %jmp T_6.0;
T_6.1 ;
    %pop/vec4 1;
    %wait E_0x1439063b0;
    %wait E_0x1439063b0;
    %pushi/vec4 1, 0, 1;
    %store/vec4 v0x143945700_0, 0, 1;
    %pushi/vec4 8, 0, 32;
    %store/vec4 v0x1439455a0_0, 0, 32;
    %wait E_0x1439063b0;
    %wait E_0x1439063b0;
    %vpi_call/w 3 113 "$display", "POSITION = 0x%h (expected 00000014)", v0x143945670_0 {0 0 0};
    %pushi/vec4 1, 0, 1;
    %store/vec4 v0x143945700_0, 0, 1;
    %pushi/vec4 4, 0, 32;
    %store/vec4 v0x1439455a0_0, 0, 32;
    %wait E_0x1439063b0;
    %wait E_0x1439063b0;
    %vpi_call/w 3 120 "$display", "DIRECTION = 0x%h (expected 0x1)", v0x143945670_0 {0 0 0};
    %pushi/vec4 2, 0, 32;
T_6.2 %dup/vec4;
    %pushi/vec4 0, 0, 32;
    %cmp/s;
    %jmp/1xz T_6.3, 5;
    %jmp/1 T_6.3, 4;
    %pushi/vec4 1, 0, 32;
    %sub;
    %pushi/vec4 2, 0, 2;
    %split/vec4 1;
    %store/vec4 v0x143945ad0_0, 0, 1;
    %store/vec4 v0x143945a00_0, 0, 1;
    %delay 1000, 0;
    %wait E_0x1439063b0;
    %pushi/vec4 3, 0, 2;
    %split/vec4 1;
    %store/vec4 v0x143945ad0_0, 0, 1;
    %store/vec4 v0x143945a00_0, 0, 1;
    %delay 1000, 0;
    %wait E_0x1439063b0;
    %pushi/vec4 1, 0, 2;
    %split/vec4 1;
    %store/vec4 v0x143945ad0_0, 0, 1;
    %store/vec4 v0x143945a00_0, 0, 1;
    %delay 1000, 0;
    %wait E_0x1439063b0;
    %pushi/vec4 0, 0, 2;
    %split/vec4 1;
    %store/vec4 v0x143945ad0_0, 0, 1;
    %store/vec4 v0x143945a00_0, 0, 1;
    %delay 1000, 0;
    %wait E_0x1439063b0;
    %jmp T_6.2;
T_6.3 ;
    %pop/vec4 1;
    %wait E_0x1439063b0;
    %wait E_0x1439063b0;
    %pushi/vec4 1, 0, 1;
    %store/vec4 v0x143945700_0, 0, 1;
    %pushi/vec4 8, 0, 32;
    %store/vec4 v0x1439455a0_0, 0, 32;
    %wait E_0x1439063b0;
    %wait E_0x1439063b0;
    %vpi_call/w 3 144 "$display", "POSITION = 0x%h (expected 0000000C)", v0x143945670_0 {0 0 0};
    %pushi/vec4 1, 0, 1;
    %store/vec4 v0x143945700_0, 0, 1;
    %pushi/vec4 4, 0, 32;
    %store/vec4 v0x1439455a0_0, 0, 32;
    %wait E_0x1439063b0;
    %wait E_0x1439063b0;
    %vpi_call/w 3 151 "$display", "DIRECTION = 0x%h (expected 0x0)", v0x143945670_0 {0 0 0};
    %pushi/vec4 1, 0, 1;
    %store/vec4 v0x143945860_0, 0, 1;
    %pushi/vec4 0, 0, 32;
    %store/vec4 v0x1439455a0_0, 0, 32;
    %pushi/vec4 3, 0, 32;
    %store/vec4 v0x1439457b0_0, 0, 32;
    %wait E_0x1439063b0;
    %wait E_0x1439063b0;
    %pushi/vec4 1, 0, 1;
    %store/vec4 v0x143945700_0, 0, 1;
    %pushi/vec4 8, 0, 32;
    %store/vec4 v0x1439455a0_0, 0, 32;
    %wait E_0x1439063b0;
    %wait E_0x1439063b0;
    %vpi_call/w 3 165 "$display", "POSITION = 0x%h (expected 00000000)", v0x143945670_0 {0 0 0};
    %pushi/vec4 1, 0, 1;
    %store/vec4 v0x143945860_0, 0, 1;
    %pushi/vec4 0, 0, 32;
    %store/vec4 v0x1439455a0_0, 0, 32;
    %pushi/vec4 0, 0, 32;
    %store/vec4 v0x1439457b0_0, 0, 32;
    %wait E_0x1439063b0;
    %wait E_0x1439063b0;
    %pushi/vec4 5, 0, 32;
T_6.4 %dup/vec4;
    %pushi/vec4 0, 0, 32;
    %cmp/s;
    %jmp/1xz T_6.5, 5;
    %jmp/1 T_6.5, 4;
    %pushi/vec4 1, 0, 32;
    %sub;
    %pushi/vec4 1, 0, 2;
    %split/vec4 1;
    %store/vec4 v0x143945ad0_0, 0, 1;
    %store/vec4 v0x143945a00_0, 0, 1;
    %delay 1000, 0;
    %wait E_0x1439063b0;
    %pushi/vec4 3, 0, 2;
    %split/vec4 1;
    %store/vec4 v0x143945ad0_0, 0, 1;
    %store/vec4 v0x143945a00_0, 0, 1;
    %delay 1000, 0;
    %wait E_0x1439063b0;
    %pushi/vec4 2, 0, 2;
    %split/vec4 1;
    %store/vec4 v0x143945ad0_0, 0, 1;
    %store/vec4 v0x143945a00_0, 0, 1;
    %delay 1000, 0;
    %wait E_0x1439063b0;
    %pushi/vec4 0, 0, 2;
    %split/vec4 1;
    %store/vec4 v0x143945ad0_0, 0, 1;
    %store/vec4 v0x143945a00_0, 0, 1;
    %delay 1000, 0;
    %wait E_0x1439063b0;
    %jmp T_6.4;
T_6.5 ;
    %pop/vec4 1;
    %wait E_0x1439063b0;
    %wait E_0x1439063b0;
    %pushi/vec4 1, 0, 1;
    %store/vec4 v0x143945700_0, 0, 1;
    %pushi/vec4 8, 0, 32;
    %store/vec4 v0x1439455a0_0, 0, 32;
    %wait E_0x1439063b0;
    %wait E_0x1439063b0;
    %vpi_call/w 3 195 "$display", "POSITION = 0x%h (expected 00000000)", v0x143945670_0 {0 0 0};
    %delay 20000, 0;
    %vpi_call/w 3 200 "$finish" {0 0 0};
    %end;
    .thread T_6;
# The file index is used to find the file name in the following table.
:file_names 6;
    "N/A";
    "<interactive>";
    "-";
    "testbenches/tb_encoder_mmio.v";
    "rtl/encoder_mmio.v";
    "rtl/encoder_core.v";
