#! /opt/homebrew/Cellar/icarus-verilog/12.0/bin/vvp
:ivl_version "12.0 (stable)";
:ivl_delay_selection "TYPICAL";
:vpi_time_precision - 12;
:vpi_module "/opt/homebrew/Cellar/icarus-verilog/12.0/lib/ivl/system.vpi";
:vpi_module "/opt/homebrew/Cellar/icarus-verilog/12.0/lib/ivl/vhdl_sys.vpi";
:vpi_module "/opt/homebrew/Cellar/icarus-verilog/12.0/lib/ivl/vhdl_textio.vpi";
:vpi_module "/opt/homebrew/Cellar/icarus-verilog/12.0/lib/ivl/v2005_math.vpi";
:vpi_module "/opt/homebrew/Cellar/icarus-verilog/12.0/lib/ivl/va_math.vpi";
:vpi_module "/opt/homebrew/Cellar/icarus-verilog/12.0/lib/ivl/v2009.vpi";
S_0x14df0ae10 .scope package, "$unit" "$unit" 2 1;
 .timescale 0 0;
S_0x14df05910 .scope module, "tb_encoder_core" "tb_encoder_core" 3 3;
 .timescale -9 -12;
v0x14df242a0_0 .var "clk", 0 0;
v0x14df24360_0 .net "direction", 0 0, v0x14df23d20_0;  1 drivers
v0x14df243f0_0 .var "enable", 0 0;
v0x14df244a0_0 .var "enc_a", 0 0;
v0x14df24550_0 .var "enc_b", 0 0;
v0x14df24620_0 .net/s "position", 31 0, v0x14df23fd0_0;  1 drivers
v0x14df246d0_0 .var "reset", 0 0;
S_0x14df05a80 .scope module, "dut" "encoder_core" 3 14, 4 1 0, S_0x14df05910;
 .timescale 0 0;
    .port_info 0 /INPUT 1 "clk";
    .port_info 1 /INPUT 1 "reset";
    .port_info 2 /INPUT 1 "enable";
    .port_info 3 /INPUT 1 "enc_a";
    .port_info 4 /INPUT 1 "enc_b";
    .port_info 5 /OUTPUT 32 "position";
    .port_info 6 /OUTPUT 1 "direction";
v0x14df0af80_0 .var "ab_curr", 1 0;
v0x14df23bd0_0 .var "ab_prev", 1 0;
v0x14df23c70_0 .net "clk", 0 0, v0x14df242a0_0;  1 drivers
v0x14df23d20_0 .var "direction", 0 0;
v0x14df23db0_0 .net "enable", 0 0, v0x14df243f0_0;  1 drivers
v0x14df23e90_0 .net "enc_a", 0 0, v0x14df244a0_0;  1 drivers
v0x14df23f30_0 .net "enc_b", 0 0, v0x14df24550_0;  1 drivers
v0x14df23fd0_0 .var/s "position", 31 0;
v0x14df24080_0 .net "reset", 0 0, v0x14df246d0_0;  1 drivers
v0x14df24190_0 .var/s "step", 1 0;
E_0x14df0b360 .event posedge, v0x14df23c70_0;
E_0x14df0ba00 .event anyedge, v0x14df23bd0_0, v0x14df0af80_0;
    .scope S_0x14df05a80;
T_0 ;
    %wait E_0x14df0ba00;
    %pushi/vec4 0, 0, 2;
    %store/vec4 v0x14df24190_0, 0, 2;
    %load/vec4 v0x14df23bd0_0;
    %load/vec4 v0x14df0af80_0;
    %concat/vec4; draw_concat_vec4
    %dup/vec4;
    %pushi/vec4 1, 0, 4;
    %cmp/u;
    %jmp/1 T_0.0, 6;
    %dup/vec4;
    %pushi/vec4 7, 0, 4;
    %cmp/u;
    %jmp/1 T_0.1, 6;
    %dup/vec4;
    %pushi/vec4 14, 0, 4;
    %cmp/u;
    %jmp/1 T_0.2, 6;
    %dup/vec4;
    %pushi/vec4 8, 0, 4;
    %cmp/u;
    %jmp/1 T_0.3, 6;
    %dup/vec4;
    %pushi/vec4 2, 0, 4;
    %cmp/u;
    %jmp/1 T_0.4, 6;
    %dup/vec4;
    %pushi/vec4 11, 0, 4;
    %cmp/u;
    %jmp/1 T_0.5, 6;
    %dup/vec4;
    %pushi/vec4 13, 0, 4;
    %cmp/u;
    %jmp/1 T_0.6, 6;
    %dup/vec4;
    %pushi/vec4 4, 0, 4;
    %cmp/u;
    %jmp/1 T_0.7, 6;
    %pushi/vec4 0, 0, 2;
    %store/vec4 v0x14df24190_0, 0, 2;
    %jmp T_0.9;
T_0.0 ;
    %pushi/vec4 1, 0, 2;
    %store/vec4 v0x14df24190_0, 0, 2;
    %jmp T_0.9;
T_0.1 ;
    %pushi/vec4 1, 0, 2;
    %store/vec4 v0x14df24190_0, 0, 2;
    %jmp T_0.9;
T_0.2 ;
    %pushi/vec4 1, 0, 2;
    %store/vec4 v0x14df24190_0, 0, 2;
    %jmp T_0.9;
T_0.3 ;
    %pushi/vec4 1, 0, 2;
    %store/vec4 v0x14df24190_0, 0, 2;
    %jmp T_0.9;
T_0.4 ;
    %pushi/vec4 3, 0, 2;
    %store/vec4 v0x14df24190_0, 0, 2;
    %jmp T_0.9;
T_0.5 ;
    %pushi/vec4 3, 0, 2;
    %store/vec4 v0x14df24190_0, 0, 2;
    %jmp T_0.9;
T_0.6 ;
    %pushi/vec4 3, 0, 2;
    %store/vec4 v0x14df24190_0, 0, 2;
    %jmp T_0.9;
T_0.7 ;
    %pushi/vec4 3, 0, 2;
    %store/vec4 v0x14df24190_0, 0, 2;
    %jmp T_0.9;
T_0.9 ;
    %pop/vec4 1;
    %jmp T_0;
    .thread T_0, $push;
    .scope S_0x14df05a80;
T_1 ;
    %wait E_0x14df0b360;
    %load/vec4 v0x14df24080_0;
    %flag_set/vec4 8;
    %jmp/0xz  T_1.0, 8;
    %pushi/vec4 0, 0, 2;
    %assign/vec4 v0x14df23bd0_0, 0;
    %pushi/vec4 0, 0, 2;
    %assign/vec4 v0x14df0af80_0, 0;
    %jmp T_1.1;
T_1.0 ;
    %load/vec4 v0x14df0af80_0;
    %assign/vec4 v0x14df23bd0_0, 0;
    %load/vec4 v0x14df23e90_0;
    %load/vec4 v0x14df23f30_0;
    %concat/vec4; draw_concat_vec4
    %assign/vec4 v0x14df0af80_0, 0;
T_1.1 ;
    %jmp T_1;
    .thread T_1;
    .scope S_0x14df05a80;
T_2 ;
    %wait E_0x14df0b360;
    %load/vec4 v0x14df24080_0;
    %flag_set/vec4 8;
    %jmp/0xz  T_2.0, 8;
    %pushi/vec4 0, 0, 32;
    %assign/vec4 v0x14df23fd0_0, 0;
    %pushi/vec4 0, 0, 1;
    %assign/vec4 v0x14df23d20_0, 0;
    %jmp T_2.1;
T_2.0 ;
    %load/vec4 v0x14df23db0_0;
    %flag_set/vec4 8;
    %jmp/0xz  T_2.2, 8;
    %load/vec4 v0x14df23fd0_0;
    %load/vec4 v0x14df24190_0;
    %pad/s 32;
    %add;
    %assign/vec4 v0x14df23fd0_0, 0;
    %load/vec4 v0x14df24190_0;
    %pad/s 32;
    %cmpi/e 1, 0, 32;
    %jmp/0xz  T_2.4, 4;
    %pushi/vec4 1, 0, 1;
    %assign/vec4 v0x14df23d20_0, 0;
    %jmp T_2.5;
T_2.4 ;
    %load/vec4 v0x14df24190_0;
    %pad/s 32;
    %cmpi/e 4294967295, 0, 32;
    %jmp/0xz  T_2.6, 4;
    %pushi/vec4 0, 0, 1;
    %assign/vec4 v0x14df23d20_0, 0;
T_2.6 ;
T_2.5 ;
T_2.2 ;
T_2.1 ;
    %jmp T_2;
    .thread T_2;
    .scope S_0x14df05910;
T_3 ;
    %delay 5000, 0;
    %load/vec4 v0x14df242a0_0;
    %inv;
    %store/vec4 v0x14df242a0_0, 0, 1;
    %jmp T_3;
    .thread T_3;
    .scope S_0x14df05910;
T_4 ;
    %vpi_call/w 3 28 "$dumpfile", "sims/encoder_wave.vcd" {0 0 0};
    %vpi_call/w 3 29 "$dumpvars", 32'sb00000000000000000000000000000000, S_0x14df05910 {0 0 0};
    %pushi/vec4 0, 0, 1;
    %store/vec4 v0x14df242a0_0, 0, 1;
    %pushi/vec4 1, 0, 1;
    %store/vec4 v0x14df246d0_0, 0, 1;
    %pushi/vec4 0, 0, 1;
    %store/vec4 v0x14df243f0_0, 0, 1;
    %pushi/vec4 0, 0, 1;
    %store/vec4 v0x14df244a0_0, 0, 1;
    %pushi/vec4 0, 0, 1;
    %store/vec4 v0x14df24550_0, 0, 1;
    %delay 20000, 0;
    %pushi/vec4 0, 0, 1;
    %store/vec4 v0x14df246d0_0, 0, 1;
    %pushi/vec4 1, 0, 1;
    %store/vec4 v0x14df243f0_0, 0, 1;
    %delay 10000, 0;
    %pushi/vec4 1, 0, 2;
    %split/vec4 1;
    %store/vec4 v0x14df24550_0, 0, 1;
    %store/vec4 v0x14df244a0_0, 0, 1;
    %delay 10000, 0;
    %pushi/vec4 3, 0, 2;
    %split/vec4 1;
    %store/vec4 v0x14df24550_0, 0, 1;
    %store/vec4 v0x14df244a0_0, 0, 1;
    %delay 10000, 0;
    %pushi/vec4 2, 0, 2;
    %split/vec4 1;
    %store/vec4 v0x14df24550_0, 0, 1;
    %store/vec4 v0x14df244a0_0, 0, 1;
    %delay 10000, 0;
    %pushi/vec4 0, 0, 2;
    %split/vec4 1;
    %store/vec4 v0x14df24550_0, 0, 1;
    %store/vec4 v0x14df244a0_0, 0, 1;
    %delay 20000, 0;
    %vpi_call/w 3 51 "$finish" {0 0 0};
    %end;
    .thread T_4;
# The file index is used to find the file name in the following table.
:file_names 5;
    "N/A";
    "<interactive>";
    "-";
    "testbenches/tb_encoder_core.v";
    "rtl/encoder_core.v";
